[0mPOST /api/ [32m201[0m 463.422 ms - 192[0m
[0mPOST /api/ [32m201[0m 436.545 ms - 190[0m
[0mPOST /api/ [32m201[0m 397.367 ms - 190[0m
[0mPOST /api/ [32m201[0m 468.444 ms - 190[0m
[0mPATCH /api/ [33m404[0m 1.808 ms - 145[0m
[0mPATCH /api/set [32m200[0m 362.165 ms - 230[0m
[0mPATCH /api/del/Metan [32m200[0m 438.216 ms - 250[0m
[0mPATCH /api/del/S%C4%B1cakl%C4%B1k [32m200[0m 167.008 ms - 250[0m
[0mGET /api/gen [32m200[0m 167.809 ms - 74[0m
[0mPATCH /api/set [32m200[0m 742.253 ms - 230[0m
[0mGET /api/gen [32m200[0m 167.339 ms - 209[0m
[0mPATCH /api/del/S%C4%B1cakl%C4%B1k [32m200[0m 153.700 ms - 250[0m
[0mPATCH /api/del/Metan [32m200[0m 905.897 ms - 250[0m
[0mGET /api/gen [32m200[0m 156.614 ms - 74[0m
[0mGET /api/det/Metan [32m200[0m 170.722 ms - 1950[0m
[0mGET /api/det/Metan [32m200[0m 421.385 ms - 845[0m
[0mPOST /api/val [33m404[0m 19.902 ms - 147[0m
[0mPATCH /api/val [31m500[0m 1.046 ms - 1387[0m
[0mPATCH /api/val [32m200[0m 393.718 ms - 249[0m
[0mPATCH /api/val [32m200[0m 169.527 ms - 249[0m
[0mGET /api/det/Metan [32m200[0m 518.013 ms - 849[0m
[0mPOST /api/set-map [31m500[0m 41.349 ms - 1656[0m
[0mPOST /api/set-map [32m201[0m 475.362 ms - 186[0m
[0mPOST /api/set-map [32m201[0m 171.654 ms - 187[0m
[0mGET /api/sensors [32m200[0m 430.472 ms - 470[0m
[0mGET /api/sensors [32m200[0m 403.193 ms - 470[0m
[0mPOST /api/set-map [32m201[0m 525.079 ms - 187[0m
[0mGET /api/sensors [32m200[0m 170.028 ms - 470[0m
[0mPOST /api/set-map-sensors [32m201[0m 399.322 ms - 196[0m
[0mGET /api/map-sensors/11 [32m200[0m 447.594 ms - 182[0m
[0mPOST /api/set-map-sensors [32m201[0m 199.200 ms - 196[0m
[0mGET /api/map-sensors/11 [32m200[0m 166.853 ms - 288[0m
[0mGET /api/sensors [32m200[0m 165.693 ms - 470[0m
[0mPOST /api/set-map [32m201[0m 170.950 ms - 187[0m
[0mGET /api/map-sensors/31 [32m200[0m 164.486 ms - 81[0m
